
(holbify:17538): Gtk-WARNING **: 02:52:17.053: Content added to the action area of a dialog using header bars

(holbify:17538): Gtk-WARNING **: 02:52:17.053: Content added to the action area of a dialog using header bars

(holbify:17538): Gtk-WARNING **: 02:52:17.069: Error loading theme icon 'media-skip-backward' for stock: 

(holbify:17538): Gtk-WARNING **: 02:52:17.070: Error loading theme icon 'media-seek-forward' for stock: 

(holbify:17538): Gtk-WARNING **: 02:52:17.081: Error loading theme icon 'media-skip-backward' for stock: 

(holbify:17538): Gtk-WARNING **: 02:52:17.081: Error loading theme icon 'media-seek-forward' for stock: 

(holbify:17538): Gtk-WARNING **: 02:52:18.362: Error loading theme icon 'media-skip-backward' for stock: 

(holbify:17538): Gtk-WARNING **: 02:52:18.362: Error loading theme icon 'media-seek-forward' for stock: 

(holbify:17538): Gtk-WARNING **: 02:52:18.378: Error loading theme icon 'media-skip-backward' for stock: 

(holbify:17538): Gtk-WARNING **: 02:52:18.378: Error loading theme icon 'media-seek-forward' for stock: 

(holbify:17538): Gtk-WARNING **: 02:52:18.396: Error loading theme icon 'media-skip-backward' for stock: 

(holbify:17538): Gtk-WARNING **: 02:52:18.396: Error loading theme icon 'media-seek-forward' for stock: 

(holbify:17538): Gtk-WARNING **: 02:52:18.410: Error loading theme icon 'media-skip-backward' for stock: 

(holbify:17538): Gtk-WARNING **: 02:52:18.411: Error loading theme icon 'media-seek-forward' for stock: 

(holbify:17538): Gtk-WARNING **: 02:52:18.426: Error loading theme icon 'media-skip-backward' for stock: 

(holbify:17538): Gtk-WARNING **: 02:52:18.427: Error loading theme icon 'media-seek-forward' for stock: 

(holbify:17538): Gtk-WARNING **: 02:52:18.442: Error loading theme icon 'media-skip-backward' for stock: 

(holbify:17538): Gtk-WARNING **: 02:52:18.443: Error loading theme icon 'media-seek-forward' for stock: 

(holbify:17538): Gtk-WARNING **: 02:52:18.458: Error loading theme icon 'media-skip-backward' for stock: 

(holbify:17538): Gtk-WARNING **: 02:52:18.459: Error loading theme icon 'media-seek-forward' for stock: 

(holbify:17538): Gtk-WARNING **: 02:52:18.475: Error loading theme icon 'media-skip-backward' for stock: 

(holbify:17538): Gtk-WARNING **: 02:52:18.475: Error loading theme icon 'media-seek-forward' for stock: 

(holbify:17538): Gtk-WARNING **: 02:52:18.491: Error loading theme icon 'media-skip-backward' for stock: 

(holbify:17538): Gtk-WARNING **: 02:52:18.491: Error loading theme icon 'media-seek-forward' for stock: 

(holbify:17538): Gtk-WARNING **: 02:52:18.507: Error loading theme icon 'media-skip-backward' for stock: 

(holbify:17538): Gtk-WARNING **: 02:52:18.507: Error loading theme icon 'media-seek-forward' for stock: 

(holbify:17538): Gtk-WARNING **: 02:52:18.523: Error loading theme icon 'media-skip-backward' for stock: 

(holbify:17538): Gtk-WARNING **: 02:52:18.523: Error loading theme icon 'media-seek-forward' for stock: 
Received message of type state-changed
Received message of type state-changed
Received message of type state-changed
Received message of type state-changed
Received message of type state-changed
Received message of type state-changed
Received message of type state-changed
Received message of type stream-status
Received message of type state-changed
Received message of type state-changed
Received message of type state-changed
Received message of type stream-status
Received message of type state-changed
Received message of type stream-status
Received message of type state-changed
Received message of type stream-status
Received message of type state-changed
Received message of type state-changed
Received message of type state-changed
Received message of type state-changed

(holbify:17538): Gtk-WARNING **: 02:52:20.612: Error loading theme icon 'media-skip-backward' for stock: 

(holbify:17538): Gtk-WARNING **: 02:52:20.612: Error loading theme icon 'media-seek-forward' for stock: 
Received message of type state-changed
Received message of type state-changed
Received message of type state-changed
Received message of type state-changed
Received message of type state-changed
Received message of type state-changed
Received message of type state-changed
Received message of type state-changed
Received message of type state-changed
Received message of type state-changed
Received message of type state-changed
Received message of type state-changed
Received message of type stream-status
Received message of type state-changed
Received message of type stream-status
Received message of type stream-start
Received message of type latency
Received message of type stream-status
Received message of type tag
Received message of type state-changed
Received message of type state-changed
Received message of type state-changed
Received message of type state-changed
Received message of type state-changed
Received message of type async-done
Received message of type new-clock
Received message of type state-changed
Received message of type state-changed
Received message of type state-changed
Received message of type state-changed
Received message of type state-changed
Received message of type state-changed
Received message of type state-changed
Received message of type state-changed
Received message of type state-changed
Received message of type state-changed
Received message of type state-changed
Received message of type state-changed
Received message of type state-changed
Received message of type state-changed
Received message of type state-changed
Received message of type state-changed
Received message of type state-changed
Received message of type state-changed
Received message of type state-changed

(holbify:17538): Gtk-WARNING **: 02:52:20.626: Error loading theme icon 'media-skip-backward' for stock: 

(holbify:17538): Gtk-WARNING **: 02:52:20.627: Error loading theme icon 'media-seek-forward' for stock: 

(holbify:17538): Gtk-WARNING **: 02:52:20.643: Error loading theme icon 'media-skip-backward' for stock: 

(holbify:17538): Gtk-WARNING **: 02:52:20.643: Error loading theme icon 'media-seek-forward' for stock: 

(holbify:17538): Gtk-WARNING **: 02:52:20.659: Error loading theme icon 'media-skip-backward' for stock: 

(holbify:17538): Gtk-WARNING **: 02:52:20.659: Error loading theme icon 'media-seek-forward' for stock: 

(holbify:17538): Gtk-WARNING **: 02:52:20.675: Error loading theme icon 'media-skip-backward' for stock: 

(holbify:17538): Gtk-WARNING **: 02:52:20.675: Error loading theme icon 'media-seek-forward' for stock: 

(holbify:17538): Gtk-WARNING **: 02:52:20.691: Error loading theme icon 'media-skip-backward' for stock: 

(holbify:17538): Gtk-WARNING **: 02:52:20.692: Error loading theme icon 'media-seek-forward' for stock: 

(holbify:17538): Gtk-WARNING **: 02:52:20.708: Error loading theme icon 'media-skip-backward' for stock: 

(holbify:17538): Gtk-WARNING **: 02:52:20.708: Error loading theme icon 'media-seek-forward' for stock: 

(holbify:17538): Gtk-WARNING **: 02:52:20.724: Error loading theme icon 'media-skip-backward' for stock: 

(holbify:17538): Gtk-WARNING **: 02:52:20.724: Error loading theme icon 'media-seek-forward' for stock: 

(holbify:17538): Gtk-WARNING **: 02:52:20.740: Error loading theme icon 'media-skip-backward' for stock: 

(holbify:17538): Gtk-WARNING **: 02:52:20.740: Error loading theme icon 'media-seek-forward' for stock: 

(holbify:17538): Gtk-WARNING **: 02:52:20.757: Error loading theme icon 'media-skip-backward' for stock: 

(holbify:17538): Gtk-WARNING **: 02:52:20.757: Error loading theme icon 'media-seek-forward' for stock: 

(holbify:17538): Gtk-WARNING **: 02:52:20.773: Error loading theme icon 'media-skip-backward' for stock: 

(holbify:17538): Gtk-WARNING **: 02:52:20.773: Error loading theme icon 'media-seek-forward' for stock: 

(holbify:17538): Gtk-WARNING **: 02:52:20.789: Error loading theme icon 'media-skip-backward' for stock: 

(holbify:17538): Gtk-WARNING **: 02:52:20.789: Error loading theme icon 'media-seek-forward' for stock: 

(holbify:17538): Gtk-WARNING **: 02:52:20.805: Error loading theme icon 'media-skip-backward' for stock: 

(holbify:17538): Gtk-WARNING **: 02:52:20.805: Error loading theme icon 'media-seek-forward' for stock: 

(holbify:17538): Gtk-WARNING **: 02:52:20.821: Error loading theme icon 'media-skip-backward' for stock: 

(holbify:17538): Gtk-WARNING **: 02:52:20.821: Error loading theme icon 'media-seek-forward' for stock: 

(holbify:17538): Gtk-WARNING **: 02:52:23.106: Error loading theme icon 'media-skip-backward' for stock: 

(holbify:17538): Gtk-WARNING **: 02:52:23.107: Error loading theme icon 'media-seek-forward' for stock: 

(holbify:17538): Gtk-WARNING **: 02:52:23.122: Error loading theme icon 'media-skip-backward' for stock: 

(holbify:17538): Gtk-WARNING **: 02:52:23.123: Error loading theme icon 'media-seek-forward' for stock: 

(holbify:17538): Gtk-WARNING **: 02:52:23.138: Error loading theme icon 'media-skip-backward' for stock: 

(holbify:17538): Gtk-WARNING **: 02:52:23.139: Error loading theme icon 'media-seek-forward' for stock: 

(holbify:17538): Gtk-WARNING **: 02:52:23.154: Error loading theme icon 'media-skip-backward' for stock: 

(holbify:17538): Gtk-WARNING **: 02:52:23.154: Error loading theme icon 'media-seek-forward' for stock: 

(holbify:17538): Gtk-WARNING **: 02:52:23.170: Error loading theme icon 'media-skip-backward' for stock: 

(holbify:17538): Gtk-WARNING **: 02:52:23.170: Error loading theme icon 'media-seek-forward' for stock: 

(holbify:17538): Gtk-WARNING **: 02:52:23.187: Error loading theme icon 'media-skip-backward' for stock: 

(holbify:17538): Gtk-WARNING **: 02:52:23.187: Error loading theme icon 'media-seek-forward' for stock: 

(holbify:17538): Gtk-WARNING **: 02:52:23.203: Error loading theme icon 'media-skip-backward' for stock: 

(holbify:17538): Gtk-WARNING **: 02:52:23.203: Error loading theme icon 'media-seek-forward' for stock: 

(holbify:17538): Gtk-WARNING **: 02:52:23.220: Error loading theme icon 'media-skip-backward' for stock: 

(holbify:17538): Gtk-WARNING **: 02:52:23.220: Error loading theme icon 'media-seek-forward' for stock: 

(holbify:17538): Gtk-WARNING **: 02:52:23.235: Error loading theme icon 'media-skip-backward' for stock: 

(holbify:17538): Gtk-WARNING **: 02:52:23.235: Error loading theme icon 'media-seek-forward' for stock: 

(holbify:17538): Gtk-WARNING **: 02:52:23.252: Error loading theme icon 'media-skip-backward' for stock: 

(holbify:17538): Gtk-WARNING **: 02:52:23.252: Error loading theme icon 'media-seek-forward' for stock: 

(holbify:17538): Gtk-WARNING **: 02:52:23.268: Error loading theme icon 'media-skip-backward' for stock: 

(holbify:17538): Gtk-WARNING **: 02:52:23.268: Error loading theme icon 'media-seek-forward' for stock: 

(holbify:17538): Gtk-WARNING **: 02:52:23.284: Error loading theme icon 'media-skip-backward' for stock: 

(holbify:17538): Gtk-WARNING **: 02:52:23.284: Error loading theme icon 'media-seek-forward' for stock: 

(holbify:17538): Gtk-WARNING **: 02:52:23.300: Error loading theme icon 'media-skip-backward' for stock: 

(holbify:17538): Gtk-WARNING **: 02:52:23.300: Error loading theme icon 'media-seek-forward' for stock: 

(holbify:17538): Gtk-WARNING **: 02:52:30.805: Error loading theme icon 'media-skip-backward' for stock: 

(holbify:17538): Gtk-WARNING **: 02:52:30.805: Error loading theme icon 'media-seek-forward' for stock: 

(holbify:17538): Gtk-WARNING **: 02:52:30.813: Error loading theme icon 'media-skip-backward' for stock: 

(holbify:17538): Gtk-WARNING **: 02:52:30.813: Error loading theme icon 'media-seek-forward' for stock: 

(holbify:17538): Gtk-WARNING **: 02:52:30.829: Error loading theme icon 'media-skip-backward' for stock: 

(holbify:17538): Gtk-WARNING **: 02:52:30.829: Error loading theme icon 'media-seek-forward' for stock: 

(holbify:17538): Gtk-WARNING **: 02:52:30.845: Error loading theme icon 'media-skip-backward' for stock: 

(holbify:17538): Gtk-WARNING **: 02:52:30.845: Error loading theme icon 'media-seek-forward' for stock: 

(holbify:17538): Gtk-WARNING **: 02:52:30.861: Error loading theme icon 'media-skip-backward' for stock: 

(holbify:17538): Gtk-WARNING **: 02:52:30.861: Error loading theme icon 'media-seek-forward' for stock: 

(holbify:17538): Gtk-WARNING **: 02:52:30.877: Error loading theme icon 'media-skip-backward' for stock: 

(holbify:17538): Gtk-WARNING **: 02:52:30.877: Error loading theme icon 'media-seek-forward' for stock: 

(holbify:17538): Gtk-WARNING **: 02:52:30.894: Error loading theme icon 'media-skip-backward' for stock: 

(holbify:17538): Gtk-WARNING **: 02:52:30.894: Error loading theme icon 'media-seek-forward' for stock: 

(holbify:17538): Gtk-WARNING **: 02:52:30.910: Error loading theme icon 'media-skip-backward' for stock: 

(holbify:17538): Gtk-WARNING **: 02:52:30.910: Error loading theme icon 'media-seek-forward' for stock: 

(holbify:17538): Gtk-WARNING **: 02:52:30.926: Error loading theme icon 'media-skip-backward' for stock: 

(holbify:17538): Gtk-WARNING **: 02:52:30.926: Error loading theme icon 'media-seek-forward' for stock: 

(holbify:17538): Gtk-WARNING **: 02:52:30.943: Error loading theme icon 'media-skip-backward' for stock: 

(holbify:17538): Gtk-WARNING **: 02:52:30.943: Error loading theme icon 'media-seek-forward' for stock: 

(holbify:17538): Gtk-WARNING **: 02:52:30.959: Error loading theme icon 'media-skip-backward' for stock: 

(holbify:17538): Gtk-WARNING **: 02:52:30.959: Error loading theme icon 'media-seek-forward' for stock: 

(holbify:17538): Gtk-WARNING **: 02:52:30.975: Error loading theme icon 'media-skip-backward' for stock: 

(holbify:17538): Gtk-WARNING **: 02:52:30.975: Error loading theme icon 'media-seek-forward' for stock: 

(holbify:17538): Gtk-WARNING **: 02:52:30.991: Error loading theme icon 'media-skip-backward' for stock: 

(holbify:17538): Gtk-WARNING **: 02:52:30.992: Error loading theme icon 'media-seek-forward' for stock: 

(holbify:17538): Gtk-WARNING **: 02:52:31.008: Error loading theme icon 'media-skip-backward' for stock: 

(holbify:17538): Gtk-WARNING **: 02:52:31.008: Error loading theme icon 'media-seek-forward' for stock: 
